#
# There is insufficient memory for the Java Runtime Environment to continue.
# Native memory allocation (malloc) failed to allocate 32756 bytes for ChunkPool::allocate
# Possible reasons:
#   The system is out of physical RAM or swap space
#   In 32 bit mode, the process size limit was hit
# Possible solutions:
#   Reduce memory load on the system
#   Increase physical memory or swap space
#   Check if swap backing store is full
#   Use 64 bit Java on a 64 bit OS
#   Decrease Java heap size (-Xmx/-Xms)
#   Decrease number of Java threads
#   Decrease Java thread stack sizes (-Xss)
#   Set larger code cache with -XX:ReservedCodeCacheSize=
# This output file may be truncated or incomplete.
#
#  Out of Memory Error (allocation.cpp:222), pid=6608, tid=6284
#
# JRE version: 7.0_05-b05
# Java VM: Java HotSpot(TM) Client VM (23.1-b03 mixed mode, sharing windows-x86 )
# Failed to write core dump. Minidumps are not enabled by default on client versions of Windows
#

---------------  T H R E A D  ---------------

Current thread (0x00c16000):  JavaThread "C1 CompilerThread0" daemon [_thread_in_native, id=6284, stack(0x03db0000,0x03e00000)]

Stack: [0x03db0000,0x03e00000],  sp=0x03dfec20,  free space=315k
Native frames: (J=compiled Java code, j=interpreted, Vv=VM code, C=native code)
V  [jvm.dll+0x16e261]
V  [jvm.dll+0x1688b5]
V  [jvm.dll+0x5dd75]
V  [jvm.dll+0x5df32]
V  [jvm.dll+0x5e0e3]
V  [jvm.dll+0x7041a]
V  [jvm.dll+0x253314]
V  [jvm.dll+0x25344d]
V  [jvm.dll+0x2534e0]
V  [jvm.dll+0x25382a]
V  [jvm.dll+0x253971]
V  [jvm.dll+0x253b41]
V  [jvm.dll+0x256397]
V  [jvm.dll+0x2569d7]
V  [jvm.dll+0x257e93]
V  [jvm.dll+0x23f1f7]
V  [jvm.dll+0x23f2aa]
V  [jvm.dll+0x23f407]
V  [jvm.dll+0x23f68d]
V  [jvm.dll+0x45b9e]
V  [jvm.dll+0x46114]
V  [jvm.dll+0x149977]
V  [jvm.dll+0x149ae0]
V  [jvm.dll+0x17e049]
C  [msvcr100.dll+0x5c6de]
C  [msvcr100.dll+0x5c788]
C  [kernel32.dll+0x510dc]
C  [ntdll.dll+0x61e9e]
C  [ntdll.dll+0x61e71]


Current CompileTask:
C1:  11363  621             sun.nio.cs.SingleByte$Encoder::encodeArrayLoop (236 bytes)


---------------  P R O C E S S  ---------------

Java Threads: ( => current thread )
  0x0067b800 JavaThread "DestroyJavaVM" [_thread_blocked, id=6720, stack(0x005b0000,0x00600000)]
  0x0c36c800 JavaThread "Thread-4" [_thread_blocked, id=2628, stack(0x04b60000,0x04bb0000)]
  0x0c306400 JavaThread "Thread-3" [_thread_blocked, id=3192, stack(0x09980000,0x099d0000)]
  0x03fe1000 JavaThread "Java Sound Event Dispatcher" daemon [_thread_blocked, id=5648, stack(0x0ae20000,0x0ae70000)]
  0x03fa5000 JavaThread "Image Animator 0" daemon [_thread_blocked, id=6268, stack(0x03d60000,0x03db0000)]
  0x03fa4c00 JavaThread "AWT-EventQueue-0" [_thread_in_native, id=7760, stack(0x04e10000,0x04e60000)]
  0x03fa2400 JavaThread "AWT-Shutdown" [_thread_blocked, id=7348, stack(0x04110000,0x04160000)]
  0x03fa1000 JavaThread "TimerQueue" daemon [_thread_blocked, id=6584, stack(0x04d40000,0x04d90000)]
  0x03e7d400 JavaThread "AWT-Windows" daemon [_thread_in_native, id=7620, stack(0x04190000,0x041e0000)]
  0x03e7c000 JavaThread "Java2D Disposer" daemon [_thread_blocked, id=6464, stack(0x03a30000,0x03a80000)]
  0x00c30400 JavaThread "Service Thread" daemon [_thread_blocked, id=6648, stack(0x03c40000,0x03c90000)]
=>0x00c16000 JavaThread "C1 CompilerThread0" daemon [_thread_in_native, id=6284, stack(0x03db0000,0x03e00000)]
  0x00c14c00 JavaThread "Attach Listener" daemon [_thread_blocked, id=6776, stack(0x03c90000,0x03ce0000)]
  0x00c11800 JavaThread "Signal Dispatcher" daemon [_thread_blocked, id=6492, stack(0x03ab0000,0x03b00000)]
  0x00bfd800 JavaThread "Finalizer" daemon [_thread_blocked, id=5948, stack(0x03be0000,0x03c30000)]
  0x00bfc000 JavaThread "Reference Handler" daemon [_thread_blocked, id=4304, stack(0x03b20000,0x03b70000)]

Other Threads:
  0x00bfa400 VMThread [stack: 0x039a0000,0x039f0000] [id=6756]
  0x00c39c00 WatcherThread [stack: 0x03d10000,0x03d60000] [id=6224]

VM state:not at safepoint (normal execution)

VM Mutex/Monitor currently owned by a thread: None

Heap
 def new generation   total 12096K, used 10368K [0x23850000, 0x24570000, 0x28da0000)
  eden space 10752K,  96% used [0x23850000, 0x242703f0, 0x242d0000)
  from space 1344K,   0% used [0x24420000, 0x24420000, 0x24570000)
  to   space 1344K,   0% used [0x242d0000, 0x242d0000, 0x24420000)
 tenured generation   total 45340K, used 45213K [0x28da0000, 0x2b9e7000, 0x33850000)
   the space 45340K,  99% used [0x28da0000, 0x2b9c7590, 0x2b9c7600, 0x2b9e7000)
 compacting perm gen  total 12288K, used 2910K [0x33850000, 0x34450000, 0x37850000)
   the space 12288K,  23% used [0x33850000, 0x33b27bc0, 0x33b27c00, 0x34450000)
    ro space 10240K,  42% used [0x37850000, 0x37c8e580, 0x37c8e600, 0x38250000)
    rw space 12288K,  54% used [0x38250000, 0x388cf128, 0x388cf200, 0x38e50000)

Code Cache  [0x01990000, 0x01b30000, 0x03990000)
 total_blobs=874 nmethods=622 adapters=187 free_code_cache=31126Kb largest_free_block=31873792

Compilation events (10 events):
Event: 11.172 Thread 0x00c16000 nmethod 616 0x01b29488 code [0x01b295a0, 0x01b29668]
Event: 11.173 Thread 0x00c16000  617             java.nio.Bits::makeShort (12 bytes)
Event: 11.173 Thread 0x00c16000 nmethod 617 0x01b29708 code [0x01b29800, 0x01b29880]
Event: 11.173 Thread 0x00c16000  618             java.nio.ByteBufferAsShortBufferB::get (16 bytes)
Event: 11.173 Thread 0x00c16000 nmethod 618 0x01b298c8 code [0x01b299f0, 0x01b29b54]
Event: 11.173 Thread 0x00c16000  619             java.nio.ByteBufferAsShortBufferB::ix (9 bytes)
Event: 11.173 Thread 0x00c16000 nmethod 619 0x01b29c88 code [0x01b29d80, 0x01b29e00]
Event: 11.254 Thread 0x00c16000  620             java.nio.Buffer::limit (5 bytes)
Event: 11.254 Thread 0x00c16000 nmethod 620 0x01b29e48 code [0x01b29f40, 0x01b29fc0]
Event: 11.254 Thread 0x00c16000  621             sun.nio.cs.SingleByte$Encoder::encodeArrayLoop (236 bytes)

GC Heap History (10 events):
Event: 8.095 GC heap before
{Heap before GC invocations=17 (full 3):
 def new generation   total 12096K, used 11566K [0x23850000, 0x24570000, 0x28da0000)
  eden space 10752K, 100% used [0x23850000, 0x242d0000, 0x242d0000)
  from space 1344K,  60% used [0x242d0000, 0x2439bbc0, 0x24420000)
  to   space 1344K,   0% used [0x24420000, 0x24420000, 0x24570000)
 tenured generation   total 44424K, used 40938K [0x28da0000, 0x2b902000, 0x33850000)
   the space 44424K,  92% used [0x28da0000, 0x2b59ab30, 0x2b59ac00, 0x2b902000)
 compacting perm gen  total 12288K, used 2532K [0x33850000, 0x34450000, 0x37850000)
   the space 12288K,  20% used [0x33850000, 0x33ac9328, 0x33ac9400, 0x34450000)
    ro space 10240K,  42% used [0x37850000, 0x37c8e580, 0x37c8e600, 0x38250000)
    rw space 12288K,  54% used [0x38250000, 0x388cf128, 0x388cf200, 0x38e50000)
Event: 8.106 GC heap after
Heap after GC invocations=18 (full 3):
 def new generation   total 12096K, used 841K [0x23850000, 0x24570000, 0x28da0000)
  eden space 10752K,   0% used [0x23850000, 0x23850000, 0x242d0000)
  from space 1344K,  62% used [0x24420000, 0x244f2430, 0x24570000)
  to   space 1344K,   0% used [0x242d0000, 0x242d0000, 0x24420000)
 tenured generation   total 44424K, used 41723K [0x28da0000, 0x2b902000, 0x33850000)
   the space 44424K,  93% used [0x28da0000, 0x2b65ec08, 0x2b65ee00, 0x2b902000)
 compacting perm gen  total 12288K, used 2532K [0x33850000, 0x34450000, 0x37850000)
   the space 12288K,  20% used [0x33850000, 0x33ac9328, 0x33ac9400, 0x34450000)
    ro space 10240K,  42% used [0x37850000, 0x37c8e580, 0x37c8e600, 0x38250000)
    rw space 12288K,  54% used [0x38250000, 0x388cf128, 0x388cf200, 0x38e50000)
}
Event: 8.566 GC heap before
{Heap before GC invocations=18 (full 3):
 def new generation   total 12096K, used 11593K [0x23850000, 0x24570000, 0x28da0000)
  eden space 10752K, 100% used [0x23850000, 0x242d0000, 0x242d0000)
  from space 1344K,  62% used [0x24420000, 0x244f2430, 0x24570000)
  to   space 1344K,   0% used [0x242d0000, 0x242d0000, 0x24420000)
 tenured generation   total 44424K, used 41723K [0x28da0000, 0x2b902000, 0x33850000)
   the space 44424K,  93% used [0x28da0000, 0x2b65ec08, 0x2b65ee00, 0x2b902000)
 compacting perm gen  total 12288K, used 2532K [0x33850000, 0x34450000, 0x37850000)
   the space 12288K,  20% used [0x33850000, 0x33ac9348, 0x33ac9400, 0x34450000)
    ro space 10240K,  42% used [0x37850000, 0x37c8e580, 0x37c8e600, 0x38250000)
    rw space 12288K,  54% used [0x38250000, 0x388cf128, 0x388cf200, 0x38e50000)
Event: 8.571 GC heap after
Heap after GC invocations=19 (full 3):
 def new generation   total 12096K, used 852K [0x23850000, 0x24570000, 0x28da0000)
  eden space 10752K,   0% used [0x23850000, 0x23850000, 0x242d0000)
  from space 1344K,  63% used [0x242d0000, 0x243a50b0, 0x24420000)
  to   space 1344K,   0% used [0x24420000, 0x24420000, 0x24570000)
 tenured generation   total 44424K, used 42517K [0x28da0000, 0x2b902000, 0x33850000)
   the space 44424K,  95% used [0x28da0000, 0x2b725778, 0x2b725800, 0x2b902000)
 compacting perm gen  total 12288K, used 2532K [0x33850000, 0x34450000, 0x37850000)
   the space 12288K,  20% used [0x33850000, 0x33ac9348, 0x33ac9400, 0x34450000)
    ro space 10240K,  42% used [0x37850000, 0x37c8e580, 0x37c8e600, 0x38250000)
    rw space 12288K,  54% used [0x38250000, 0x388cf128, 0x388cf200, 0x38e50000)
}
Event: 10.036 GC heap before
{Heap before GC invocations=19 (full 3):
 def new generation   total 12096K, used 11604K [0x23850000, 0x24570000, 0x28da0000)
  eden space 10752K, 100% used [0x23850000, 0x242d0000, 0x242d0000)
  from space 1344K,  63% used [0x242d0000, 0x243a50b0, 0x24420000)
  to   space 1344K,   0% used [0x24420000, 0x24420000, 0x24570000)
 tenured generation   total 44424K, used 42517K [0x28da0000, 0x2b902000, 0x33850000)
   the space 44424K,  95% used [0x28da0000, 0x2b725778, 0x2b725800, 0x2b902000)
 compacting perm gen  total 12288K, used 2584K [0x33850000, 0x34450000, 0x37850000)
   the space 12288K,  21% used [0x33850000, 0x33ad6018, 0x33ad6200, 0x34450000)
    ro space 10240K,  42% used [0x37850000, 0x37c8e580, 0x37c8e600, 0x38250000)
    rw space 12288K,  54% used [0x38250000, 0x388cf128, 0x388cf200, 0x38e50000)
Event: 10.139 GC heap after
Heap after GC invocations=20 (full 4):
 def new generation   total 12096K, used 1298K [0x23850000, 0x24570000, 0x28da0000)
  eden space 10752K,  12% used [0x23850000, 0x23994a78, 0x242d0000)
  from space 1344K,   0% used [0x24420000, 0x24420000, 0x24570000)
  to   space 1344K,   0% used [0x242d0000, 0x242d0000, 0x24420000)
 tenured generation   total 45164K, used 44652K [0x28da0000, 0x2b9bb000, 0x33850000)
   the space 45164K,  98% used [0x28da0000, 0x2b93b370, 0x2b93b400, 0x2b9bb000)
 compacting perm gen  total 12288K, used 2582K [0x33850000, 0x34450000, 0x37850000)
   the space 12288K,  21% used [0x33850000, 0x33ad5a60, 0x33ad5c00, 0x34450000)
    ro space 10240K,  42% used [0x37850000, 0x37c8e580, 0x37c8e600, 0x38250000)
    rw space 12288K,  54% used [0x38250000, 0x388cf128, 0x388cf200, 0x38e50000)
}
Event: 10.722 GC heap before
{Heap before GC invocations=20 (full 4):
 def new generation   total 12096K, used 7916K [0x23850000, 0x24570000, 0x28da0000)
  eden space 10752K,  73% used [0x23850000, 0x2400b030, 0x242d0000)
  from space 1344K,   0% used [0x24420000, 0x24420000, 0x24570000)
  to   space 1344K,   0% used [0x242d0000, 0x242d0000, 0x24420000)
 tenured generation   total 45164K, used 44652K [0x28da0000, 0x2b9bb000, 0x33850000)
   the space 45164K,  98% used [0x28da0000, 0x2b93b370, 0x2b93b400, 0x2b9bb000)
 compacting perm gen  total 12288K, used 2839K [0x33850000, 0x34450000, 0x37850000)
   the space 12288K,  23% used [0x33850000, 0x33b15c60, 0x33b15e00, 0x34450000)
    ro space 10240K,  42% used [0x37850000, 0x37c8e580, 0x37c8e600, 0x38250000)
    rw space 12288K,  54% used [0x38250000, 0x388cf128, 0x388cf200, 0x38e50000)
Event: 10.773 GC heap after
Heap after GC invocations=21 (full 5):
 def new generation   total 12096K, used 5423K [0x23850000, 0x24570000, 0x28da0000)
  eden space 10752K,  50% used [0x23850000, 0x23d9bec8, 0x242d0000)
  from space 1344K,   0% used [0x242d0000, 0x242d0000, 0x24420000)
  to   space 1344K,   0% used [0x24420000, 0x24420000, 0x24570000)
 tenured generation   total 45164K, used 44772K [0x28da0000, 0x2b9bb000, 0x33850000)
   the space 45164K,  99% used [0x28da0000, 0x2b9591a8, 0x2b959200, 0x2b9bb000)
 compacting perm gen  total 12288K, used 2839K [0x33850000, 0x34450000, 0x37850000)
   the space 12288K,  23% used [0x33850000, 0x33b15c60, 0x33b15e00, 0x34450000)
    ro space 10240K,  42% used [0x37850000, 0x37c8e580, 0x37c8e600, 0x38250000)
    rw space 12288K,  54% used [0x38250000, 0x388cf128, 0x388cf200, 0x38e50000)
}
Event: 11.202 GC heap before
{Heap before GC invocations=21 (full 5):
 def new generation   total 12096K, used 10752K [0x23850000, 0x24570000, 0x28da0000)
  eden space 10752K, 100% used [0x23850000, 0x242d0000, 0x242d0000)
  from space 1344K,   0% used [0x242d0000, 0x242d0000, 0x24420000)
  to   space 1344K,   0% used [0x24420000, 0x24420000, 0x24570000)
 tenured generation   total 45164K, used 44772K [0x28da0000, 0x2b9bb000, 0x33850000)
   the space 45164K,  99% used [0x28da0000, 0x2b9591a8, 0x2b959200, 0x2b9bb000)
 compacting perm gen  total 12288K, used 2910K [0x33850000, 0x34450000, 0x37850000)
   the space 12288K,  23% used [0x33850000, 0x33b27bc0, 0x33b27c00, 0x34450000)
    ro space 10240K,  42% used [0x37850000, 0x37c8e580, 0x37c8e600, 0x38250000)
    rw space 12288K,  54% used [0x38250000, 0x388cf128, 0x388cf200, 0x38e50000)
Event: 11.253 GC heap after
Heap after GC invocations=22 (full 6):
 def new generation   total 12096K, used 9503K [0x23850000, 0x24570000, 0x28da0000)
  eden space 10752K,  88% used [0x23850000, 0x24197fa8, 0x242d0000)
  from space 1344K,   0% used [0x24420000, 0x24420000, 0x24570000)
  to   space 1344K,   0% used [0x242d0000, 0x242d0000, 0x24420000)
 tenured generation   total 45340K, used 45213K [0x28da0000, 0x2b9e7000, 0x33850000)
   the space 45340K,  99% used [0x28da0000, 0x2b9c7590, 0x2b9c7600, 0x2b9e7000)
 compacting perm gen  total 12288K, used 2910K [0x33850000, 0x34450000, 0x37850000)
   the space 12288K,  23% used [0x33850000, 0x33b27bc0, 0x33b27c00, 0x34450000)
    ro space 10240K,  42% used [0x37850000, 0x37c8e580, 0x37c8e600, 0x38250000)
    rw space 12288K,  54% used [0x38250000, 0x388cf128, 0x388cf200, 0x38e50000)
}

Deoptimization events (0 events):
No events

Internal exceptions (10 events):
Event: 10.509 Thread 0x0067b800 Threw 0x23b99c90 at C:\jdk7u5_32P\jdk7u5\hotspot\src\share\vm\prims\jvm.cpp:1166
Event: 10.519 Thread 0x0067b800 Threw 0x23bc4258 at C:\jdk7u5_32P\jdk7u5\hotspot\src\share\vm\prims\jvm.cpp:1166
Event: 10.547 Thread 0x0067b800 Threw 0x23bc61b8 at C:\jdk7u5_32P\jdk7u5\hotspot\src\share\vm\prims\jvm.cpp:1166
Event: 10.696 Thread 0x03fa4c00 Threw 0x24004ca8 at C:\jdk7u5_32P\jdk7u5\hotspot\src\share\vm\prims\jvm.cpp:1166
Event: 10.823 Thread 0x03fa4c00 Threw 0x241ad120 at C:\jdk7u5_32P\jdk7u5\hotspot\src\share\vm\prims\jvm.cpp:1166
Event: 10.840 Thread 0x03fa4c00 Threw 0x241b0f00 at C:\jdk7u5_32P\jdk7u5\hotspot\src\share\vm\prims\jvm.cpp:1166
Event: 11.201 Thread 0x03fa4c00 Threw 0x242cbdf8 at C:\jdk7u5_32P\jdk7u5\hotspot\src\share\vm\prims\jni.cpp:715
Event: 11.201 Thread 0x03fa4c00 Threw 0x242cc080 at C:\jdk7u5_32P\jdk7u5\hotspot\src\share\vm\classfile\systemDictionary.cpp:177
Event: 11.201 Thread 0x03fa4c00 Threw 0x242cd2b0 at C:\jdk7u5_32P\jdk7u5\hotspot\src\share\vm\classfile\systemDictionary.cpp:177
Event: 11.201 Thread 0x03fa4c00 Threw 0x242cd2b0 at C:\jdk7u5_32P\jdk7u5\hotspot\src\share\vm\prims\jvm.cpp:1170

Events (10 events):
Event: 10.878 loading class 0x38e8eef0
Event: 10.878 loading class 0x38e8eeb0
Event: 10.878 loading class 0x38e8eeb0 done
Event: 10.878 loading class 0x38e8eef0 done
Event: 11.201 loading class 0x38eec570
Event: 11.201 loading class 0x38eec570 done
Event: 11.201 loading class 0x38ebb2b8
Event: 11.201 loading class 0x38ebb2b8 done
Event: 11.202 Executing VM operation: GenCollectForAllocation
Event: 11.253 Executing VM operation: GenCollectForAllocation done


Dynamic libraries:
0x00d60000 - 0x00d8f000 	C:\Program Files\Java\jre7\bin\javaw.exe
0x77cc0000 - 0x77dfc000 	C:\Windows\SYSTEM32\ntdll.dll
0x773e0000 - 0x774b4000 	C:\Windows\system32\kernel32.dll
0x75e90000 - 0x75ed8000 	C:\Windows\system32\KERNELBASE.dll
0x77670000 - 0x77710000 	C:\Windows\system32\ADVAPI32.dll
0x77a70000 - 0x77b1c000 	C:\Windows\system32\msvcrt.dll
0x76f30000 - 0x76f49000 	C:\Windows\SYSTEM32\sechost.dll
0x77850000 - 0x778f2000 	C:\Windows\system32\RPCRT4.dll
0x76e60000 - 0x76f29000 	C:\Windows\system32\USER32.dll
0x777a0000 - 0x777ee000 	C:\Windows\system32\GDI32.dll
0x77900000 - 0x7790a000 	C:\Windows\system32\LPK.dll
0x77340000 - 0x773dd000 	C:\Windows\system32\USP10.dll
0x74e50000 - 0x74fec000 	C:\Windows\WinSxS\x86_microsoft.windows.common-controls_6595b64144ccf1df_6.0.7100.0_none_d75e6751736615f2\COMCTL32.dll
0x77610000 - 0x77667000 	C:\Windows\system32\SHLWAPI.dll
0x772d0000 - 0x772ef000 	C:\Windows\system32\IMM32.DLL
0x76f50000 - 0x7701c000 	C:\Windows\system32\MSCTF.dll
0x73450000 - 0x7350e000 	C:\Program Files\Java\jre7\bin\msvcr100.dll
0x72b90000 - 0x72eda000 	C:\Program Files\Java\jre7\bin\client\jvm.dll
0x72560000 - 0x72567000 	C:\Windows\system32\WSOCK32.dll
0x77e10000 - 0x77e45000 	C:\Windows\system32\WS2_32.dll
0x77e00000 - 0x77e06000 	C:\Windows\system32\NSI.dll
0x73d00000 - 0x73d32000 	C:\Windows\system32\WINMM.dll
0x77ee0000 - 0x77ee5000 	C:\Windows\system32\PSAPI.DLL
0x72b80000 - 0x72b8c000 	C:\Program Files\Java\jre7\bin\verify.dll
0x72b60000 - 0x72b80000 	C:\Program Files\Java\jre7\bin\java.dll
0x72b40000 - 0x72b53000 	C:\Program Files\Java\jre7\bin\zip.dll
0x61020000 - 0x61162000 	C:\Program Files\Java\jre7\bin\awt.dll
0x77e50000 - 0x77edf000 	C:\Windows\system32\OLEAUT32.dll
0x77910000 - 0x77a6b000 	C:\Windows\system32\ole32.dll
0x74cd0000 - 0x74d10000 	C:\Windows\system32\uxtheme.dll
0x74890000 - 0x748a3000 	C:\Windows\system32\dwmapi.dll
0x75d90000 - 0x75d9c000 	C:\Windows\system32\CRYPTBASE.dll
0x76110000 - 0x76d56000 	C:\Windows\system32\SHELL32.dll
0x75890000 - 0x758a6000 	C:\Windows\system32\CRYPTSP.dll
0x75630000 - 0x7566b000 	C:\Windows\system32\rsaenh.dll
0x75470000 - 0x75487000 	C:\Windows\system32\USERENV.dll
0x75e10000 - 0x75e1b000 	C:\Windows\system32\profapi.dll
0x6cfb0000 - 0x6cfc4000 	C:\Program Files\Java\jre7\bin\net.dll
0x75850000 - 0x7588c000 	C:\Windows\system32\mswsock.dll
0x75840000 - 0x75846000 	C:\Windows\System32\wship6.dll
0x74250000 - 0x74260000 	C:\Windows\system32\NLAapi.dll
0x75710000 - 0x75754000 	C:\Windows\system32\DNSAPI.dll
0x74550000 - 0x74558000 	C:\Windows\System32\winrnr.dll
0x74540000 - 0x74550000 	C:\Windows\system32\napinsp.dll
0x74520000 - 0x74532000 	C:\Windows\system32\pnrpnsp.dll
0x753e0000 - 0x753e5000 	C:\Windows\System32\wshtcpip.dll
0x72850000 - 0x7286c000 	C:\Windows\system32\IPHLPAPI.DLL
0x728d0000 - 0x728d7000 	C:\Windows\system32\WINNSI.DLL
0x745c0000 - 0x745c6000 	C:\Windows\system32\rasadhlp.dll
0x72890000 - 0x728c8000 	C:\Windows\System32\fwpuclnt.dll
0x6cfa0000 - 0x6cfaf000 	C:\Program Files\Java\jre7\bin\nio.dll
0x64b00000 - 0x64b25000 	C:\Program Files\Java\jre7\bin\jpeg.dll
0x73650000 - 0x73813000 	C:\Windows\system32\d3d9.dll
0x753a0000 - 0x753a9000 	C:\Windows\system32\VERSION.dll
0x74430000 - 0x74436000 	C:\Windows\system32\d3d8thk.dll
0x66020000 - 0x6620d000 	C:\Windows\system32\atklumdisp.dll
0x77b20000 - 0x77cbd000 	C:\Windows\system32\SETUPAPI.dll
0x760c0000 - 0x760e7000 	C:\Windows\system32\CFGMGR32.dll
0x760f0000 - 0x76102000 	C:\Windows\system32\DEVOBJ.dll
0x6dca0000 - 0x6e64c000 	C:\Windows\system32\nvd3dum.dll
0x753b0000 - 0x753d5000 	C:\Windows\system32\powrprof.dll
0x722c0000 - 0x722ca000 	C:\Program Files\Java\jre7\bin\jsound.dll
0x720c0000 - 0x720c9000 	C:\Program Files\Java\jre7\bin\jsoundds.dll
0x6e9e0000 - 0x6ea52000 	C:\Windows\system32\DSOUND.dll
0x748b0000 - 0x748e9000 	C:\Windows\system32\MMDevAPI.DLL
0x74d10000 - 0x74e05000 	C:\Windows\system32\PROPSYS.dll
0x71a60000 - 0x71a90000 	C:\Windows\system32\wdmaud.drv
0x71f40000 - 0x71f44000 	C:\Windows\system32\ksuser.dll
0x746d0000 - 0x746d7000 	C:\Windows\system32\AVRT.dll
0x710f0000 - 0x71126000 	C:\Windows\system32\AUDIOSES.DLL
0x710e0000 - 0x710e8000 	C:\Windows\system32\msacm32.drv
0x710c0000 - 0x710d4000 	C:\Windows\system32\MSACM32.dll
0x710b0000 - 0x710b7000 	C:\Windows\system32\midimap.dll
0x77710000 - 0x77793000 	C:\Windows\system32\CLBCatQ.DLL
0x6d370000 - 0x6d39a000 	C:\Program Files\Java\jre7\bin\fontmanager.dll
0x646e0000 - 0x64711000 	C:\Program Files\Java\jre7\bin\t2k.dll
0x62740000 - 0x62764000 	C:\Program Files\Java\jre7\bin\dcpr.dll
0x72460000 - 0x7254c000 	C:\Windows\system32\dbghelp.dll

VM Arguments:
jvm_args: -Dfile.encoding=Cp1252 
java_command: ISIS.Code.Frame.MainMapa
Launcher Type: SUN_STANDARD

Environment Variables:
PATH=C:/Program Files/Java/jre7/bin/client;C:/Program Files/Java/jre7/bin;C:/Program Files/Java/jre7/lib/i386;C:\Program Files\NVIDIA Corporation\PhysX\Common;C:\Windows\system32;C:\Windows;C:\Windows\System32\Wbem;C:\Windows\System32\WindowsPowerShell\v1.0\;D:\Juegos&Progrmas (Descargados)\ECLIPSE\eclipse;
USERNAME=Jose
OS=Windows_NT
PROCESSOR_IDENTIFIER=x86 Family 16 Model 2 Stepping 3, AuthenticAMD



---------------  S Y S T E M  ---------------

OS: Windows 7 Build 7100 

CPU:total 3 (3 cores per cpu, 1 threads per core) family 16 model 2 stepping 3, cmov, cx8, fxsr, mmx, sse, sse2, sse3, popcnt, mmxext, 3dnowpref, lzcnt, sse4a, tsc, tscinvbit, tscinv

Memory: 4k page, physical 2096504k(96456k free), swap 8386016k(3248k free)

vm_info: Java HotSpot(TM) Client VM (23.1-b03) for windows-x86 JRE (1.7.0_05-b05), built on May 15 2012 18:11:27 by "java_re" with unknown MS VC++:1600

time: Sat Aug 11 01:02:38 2012
elapsed time: 11 seconds

